tuziyouqian/XYFaceCheckUI/build/outputs/logs/manifest-merger-debug-report.txt
-- Merging decision tree log ---
manifest
ADDED from src\main\AndroidManifest.xml:2:1-53:12
INJECTED from src\main\AndroidManifest.xml:2:1-53:12
INJECTED from src\main\AndroidManifest.xml:2:1-53:12
INJECTED from src\main\AndroidManifest.xml:2:1-53:12
INJECTED from src\main\AndroidManifest.xml:2:1-53:12
INJECTED from src\main\AndroidManifest.xml:2:1-53:12
INJECTED from src\main\AndroidManifest.xml:2:1-53:12
	package
		ADDED from src\main\AndroidManifest.xml:3:5-38
		INJECTED from src\main\AndroidManifest.xml
		INJECTED from src\main\AndroidManifest.xml
	android:versionName
		INJECTED from src\main\AndroidManifest.xml
		ADDED from src\main\AndroidManifest.xml:2:1-53:12
		INJECTED from src\main\AndroidManifest.xml
	android:versionCode
		INJECTED from src\main\AndroidManifest.xml
		ADDED from src\main\AndroidManifest.xml:2:1-53:12
		INJECTED from src\main\AndroidManifest.xml
	xmlns:android
		ADDED from src\main\AndroidManifest.xml:2:11-69
uses-permission#android.permission.INTERNET
ADDED from src\main\AndroidManifest.xml:6:5-67
	android:name
		ADDED from src\main\AndroidManifest.xml:6:22-64
uses-permission#android.permission.WRITE_EXTERNAL_STORAGE
ADDED from src\main\AndroidManifest.xml:7:5-81
	android:name
		ADDED from src\main\AndroidManifest.xml:7:22-78
uses-permission#android.permission.READ_EXTERNAL_STORAGE
ADDED from src\main\AndroidManifest.xml:8:5-80
	android:name
		ADDED from src\main\AndroidManifest.xml:8:22-77
uses-permission#android.permission.CAMERA
ADDED from src\main\AndroidManifest.xml:9:5-65
	android:name
		ADDED from src\main\AndroidManifest.xml:9:22-62
application
ADDED from src\main\AndroidManifest.xml:11:5-51:19
	android:resizeableActivity
		ADDED from src\main\AndroidManifest.xml:12:9-42
activity#com.xinyan.facecheck.FaceCheckStart
ADDED from src\main\AndroidManifest.xml:13:9-17:51
	android:screenOrientation
		ADDED from src\main\AndroidManifest.xml:17:13-49
	android:launchMode
		ADDED from src\main\AndroidManifest.xml:15:13-44
	android:theme
		ADDED from src\main\AndroidManifest.xml:16:13-47
	android:name
		ADDED from src\main\AndroidManifest.xml:14:13-63
activity#com.xinyan.facecheck.FaceCheckIDActivity
ADDED from src\main\AndroidManifest.xml:18:9-23:50
	android:screenOrientation
		ADDED from src\main\AndroidManifest.xml:21:13-49
	android:launchMode
		ADDED from src\main\AndroidManifest.xml:20:13-44
	android:windowSoftInputMode
		ADDED from src\main\AndroidManifest.xml:22:13-68
	android:theme
		ADDED from src\main\AndroidManifest.xml:23:13-47
	android:name
		ADDED from src\main\AndroidManifest.xml:19:13-68
activity#com.xinyan.facecheck.FaceCheckResultActivity
ADDED from src\main\AndroidManifest.xml:24:9-28:50
	android:screenOrientation
		ADDED from src\main\AndroidManifest.xml:27:13-49
	android:launchMode
		ADDED from src\main\AndroidManifest.xml:26:13-44
	android:theme
		ADDED from src\main\AndroidManifest.xml:28:13-47
	android:name
		ADDED from src\main\AndroidManifest.xml:25:13-72
meta-data#FOSAFER_APPID
ADDED from src\main\AndroidManifest.xml:38:9-40:40
	android:value
		ADDED from src\main\AndroidManifest.xml:40:13-37
	android:name
		ADDED from src\main\AndroidManifest.xml:39:13-41
meta-data#FOSAFER_APPKEY
ADDED from src\main\AndroidManifest.xml:42:9-44:68
	android:value
		ADDED from src\main\AndroidManifest.xml:44:13-65
	android:name
		ADDED from src\main\AndroidManifest.xml:43:13-42
activity#com.xinyan.facecheck.FosActivity
ADDED from src\main\AndroidManifest.xml:46:9-50:52
	android:screenOrientation
		ADDED from src\main\AndroidManifest.xml:50:13-49
	android:launchMode
		ADDED from src\main\AndroidManifest.xml:48:13-44
	android:theme
		ADDED from src\main\AndroidManifest.xml:49:13-47
	android:name
		ADDED from src\main\AndroidManifest.xml:47:13-60
uses-sdk
INJECTED from src\main\AndroidManifest.xml reason: use-sdk injection requested
INJECTED from src\main\AndroidManifest.xml
INJECTED from src\main\AndroidManifest.xml
INJECTED from src\main\AndroidManifest.xml
INJECTED from src\main\AndroidManifest.xml
	android:targetSdkVersion
		INJECTED from src\main\AndroidManifest.xml
		ADDED from src\main\AndroidManifest.xml
		INJECTED from src\main\AndroidManifest.xml
	android:minSdkVersion
		INJECTED from src\main\AndroidManifest.xml
		ADDED from src\main\AndroidManifest.xml
		INJECTED from src\main\AndroidManifest.xml